<?xml version="1.0" encoding="UTF-8"?>
<testsuite name="com.bank.BankApplicationTests" tests="1" skipped="0" failures="0" errors="0" timestamp="2022-03-03T13:02:14" hostname="DESKTOP-IL3D0JS" time="0.148">
  <properties/>
  <testcase name="contextLoads()" classname="com.bank.BankApplicationTests" time="0.148"/>
  <system-out><![CDATA[22:02:05.070 [Test worker] DEBUG org.springframework.test.context.BootstrapUtils - Instantiating CacheAwareContextLoaderDelegate from class [org.springframework.test.context.cache.DefaultCacheAwareContextLoaderDelegate]
22:02:05.098 [Test worker] DEBUG org.springframework.test.context.BootstrapUtils - Instantiating BootstrapContext using constructor [public org.springframework.test.context.support.DefaultBootstrapContext(java.lang.Class,org.springframework.test.context.CacheAwareContextLoaderDelegate)]
22:02:05.158 [Test worker] DEBUG org.springframework.test.context.BootstrapUtils - Instantiating TestContextBootstrapper for test class [com.bank.BankApplicationTests] from class [org.springframework.boot.test.context.SpringBootTestContextBootstrapper]
22:02:05.183 [Test worker] INFO org.springframework.boot.test.context.SpringBootTestContextBootstrapper - Neither @ContextConfiguration nor @ContextHierarchy found for test class [com.bank.BankApplicationTests], using SpringBootContextLoader
22:02:05.190 [Test worker] DEBUG org.springframework.test.context.support.AbstractContextLoader - Did not detect default resource location for test class [com.bank.BankApplicationTests]: class path resource [com/bank/BankApplicationTests-context.xml] does not exist
22:02:05.191 [Test worker] DEBUG org.springframework.test.context.support.AbstractContextLoader - Did not detect default resource location for test class [com.bank.BankApplicationTests]: class path resource [com/bank/BankApplicationTestsContext.groovy] does not exist
22:02:05.191 [Test worker] INFO org.springframework.test.context.support.AbstractContextLoader - Could not detect default resource locations for test class [com.bank.BankApplicationTests]: no resource found for suffixes {-context.xml, Context.groovy}.
22:02:05.192 [Test worker] INFO org.springframework.test.context.support.AnnotationConfigContextLoaderUtils - Could not detect default configuration classes for test class [com.bank.BankApplicationTests]: BankApplicationTests does not declare any static, non-private, non-final, nested classes annotated with @Configuration.
22:02:05.275 [Test worker] DEBUG org.springframework.test.context.support.ActiveProfilesUtils - Could not find an 'annotation declaring class' for annotation type [org.springframework.test.context.ActiveProfiles] and class [com.bank.BankApplicationTests]
22:02:05.394 [Test worker] DEBUG org.springframework.context.annotation.ClassPathScanningCandidateComponentProvider - Identified candidate component class: file [C:\Users\USER\git\bank\bank\build\classes\java\main\com\bank\BankApplication.class]
22:02:05.397 [Test worker] INFO org.springframework.boot.test.context.SpringBootTestContextBootstrapper - Found @SpringBootConfiguration com.bank.BankApplication for test class com.bank.BankApplicationTests
22:02:05.591 [Test worker] DEBUG org.springframework.boot.test.context.SpringBootTestContextBootstrapper - @TestExecutionListeners is not present for class [com.bank.BankApplicationTests]: using defaults.
22:02:05.592 [Test worker] INFO org.springframework.boot.test.context.SpringBootTestContextBootstrapper - Loaded default TestExecutionListener class names from location [META-INF/spring.factories]: [org.springframework.security.test.context.support.WithSecurityContextTestExecutionListener, org.springframework.security.test.context.support.ReactorContextTestExecutionListener, org.springframework.boot.test.autoconfigure.restdocs.RestDocsTestExecutionListener, org.springframework.boot.test.autoconfigure.web.client.MockRestServiceServerResetTestExecutionListener, org.springframework.boot.test.autoconfigure.web.servlet.MockMvcPrintOnlyOnFailureTestExecutionListener, org.springframework.boot.test.autoconfigure.web.servlet.WebDriverTestExecutionListener, org.springframework.boot.test.autoconfigure.webservices.client.MockWebServiceServerTestExecutionListener, org.springframework.boot.test.mock.mockito.MockitoTestExecutionListener, org.springframework.boot.test.mock.mockito.ResetMocksTestExecutionListener, org.springframework.test.context.web.ServletTestExecutionListener, org.springframework.test.context.support.DirtiesContextBeforeModesTestExecutionListener, org.springframework.test.context.event.ApplicationEventsTestExecutionListener, org.springframework.test.context.support.DependencyInjectionTestExecutionListener, org.springframework.test.context.support.DirtiesContextTestExecutionListener, org.springframework.test.context.transaction.TransactionalTestExecutionListener, org.springframework.test.context.jdbc.SqlScriptsTestExecutionListener, org.springframework.test.context.event.EventPublishingTestExecutionListener]
22:02:05.638 [Test worker] INFO org.springframework.boot.test.context.SpringBootTestContextBootstrapper - Using TestExecutionListeners: [org.springframework.test.context.web.ServletTestExecutionListener@348bae41, org.springframework.test.context.support.DirtiesContextBeforeModesTestExecutionListener@62752a73, org.springframework.test.context.event.ApplicationEventsTestExecutionListener@5bb17890, org.springframework.boot.test.mock.mockito.MockitoTestExecutionListener@79513dcb, org.springframework.boot.test.autoconfigure.SpringBootDependencyInjectionTestExecutionListener@10c16d06, org.springframework.test.context.support.DirtiesContextTestExecutionListener@5bacfbdf, org.springframework.test.context.transaction.TransactionalTestExecutionListener@b097dc2, org.springframework.test.context.jdbc.SqlScriptsTestExecutionListener@7b46b60d, org.springframework.security.test.context.support.WithSecurityContextTestExecutionListener@60f44d3e, org.springframework.test.context.event.EventPublishingTestExecutionListener@5cba30fc, org.springframework.security.test.context.support.ReactorContextTestExecutionListener@1c9db1c4, org.springframework.boot.test.autoconfigure.restdocs.RestDocsTestExecutionListener@52258a84, org.springframework.boot.test.autoconfigure.web.client.MockRestServiceServerResetTestExecutionListener@107ab043, org.springframework.boot.test.autoconfigure.web.servlet.MockMvcPrintOnlyOnFailureTestExecutionListener@1dca5f60, org.springframework.boot.test.autoconfigure.web.servlet.WebDriverTestExecutionListener@6ca8ce8c, org.springframework.boot.test.autoconfigure.webservices.client.MockWebServiceServerTestExecutionListener@12270837, org.springframework.boot.test.mock.mockito.ResetMocksTestExecutionListener@571a5a98]
22:02:05.645 [Test worker] DEBUG org.springframework.test.context.support.AbstractDirtiesContextTestExecutionListener - Before test class: context [DefaultTestContext@72797078 testClass = BankApplicationTests, testInstance = [null], testMethod = [null], testException = [null], mergedContextConfiguration = [WebMergedContextConfiguration@23c009e0 testClass = BankApplicationTests, locations = '{}', classes = '{class com.bank.BankApplication}', contextInitializerClasses = '[]', activeProfiles = '{}', propertySourceLocations = '{}', propertySourceProperties = '{org.springframework.boot.test.context.SpringBootTestContextBootstrapper=true}', contextCustomizers = set[org.springframework.boot.test.autoconfigure.actuate.metrics.MetricsExportContextCustomizerFactory$DisableMetricExportContextCustomizer@379438fd, org.springframework.boot.test.autoconfigure.properties.PropertyMappingContextCustomizer@0, org.springframework.boot.test.autoconfigure.web.servlet.WebDriverContextCustomizerFactory$Customizer@45fe32b0, org.springframework.boot.test.context.filter.ExcludeFilterContextCustomizer@2d627815, org.springframework.boot.test.json.DuplicateJsonObjectContextCustomizerFactory$DuplicateJsonObjectContextCustomizer@7aa9b21d, org.springframework.boot.test.mock.mockito.MockitoContextCustomizer@0, org.springframework.boot.test.web.client.TestRestTemplateContextCustomizer@d445310, org.springframework.boot.test.context.SpringBootTestArgs@1, org.springframework.boot.test.context.SpringBootTestWebEnvironment@7d06df68], resourceBasePath = 'src/main/webapp', contextLoader = 'org.springframework.boot.test.context.SpringBootContextLoader', parent = [null]], attributes = map['org.springframework.test.context.web.ServletTestExecutionListener.activateListener' -> true]], class annotated with @DirtiesContext [false] with mode [null].

  .   ____          _            __ _ _
 /\\ / ___'_ __ _ _(_)_ __  __ _ \ \ \ \
( ( )\___ | '_ | '_| | '_ \/ _` | \ \ \ \
 \\/  ___)| |_)| | | | | || (_| |  ) ) ) )
  '  |____| .__|_| |_|_| |_\__, | / / / /
 =========|_|==============|___/=/_/_/_/
 :: Spring Boot ::                (v2.6.4)

2022-03-03 22:02:06.235  INFO 15768 --- [    Test worker] com.bank.BankApplicationTests            : Starting BankApplicationTests using Java 1.8.0_301 on DESKTOP-IL3D0JS with PID 15768 (started by USER in C:\Users\USER\git\bank\bank)
2022-03-03 22:02:06.237  INFO 15768 --- [    Test worker] com.bank.BankApplicationTests            : No active profile set, falling back to 1 default profile: "default"
2022-03-03 22:02:07.422  INFO 15768 --- [    Test worker] .s.d.r.c.RepositoryConfigurationDelegate : Bootstrapping Spring Data JPA repositories in DEFAULT mode.
2022-03-03 22:02:07.450  INFO 15768 --- [    Test worker] .s.d.r.c.RepositoryConfigurationDelegate : Finished Spring Data repository scanning in 12 ms. Found 0 JPA repository interfaces.
2022-03-03 22:02:08.561  INFO 15768 --- [    Test worker] o.hibernate.jpa.internal.util.LogHelper  : HHH000204: Processing PersistenceUnitInfo [name: default]
2022-03-03 22:02:08.745  INFO 15768 --- [    Test worker] org.hibernate.Version                    : HHH000412: Hibernate ORM core version 5.6.5.Final
2022-03-03 22:02:09.095  INFO 15768 --- [    Test worker] o.hibernate.annotations.common.Version   : HCANN000001: Hibernate Commons Annotations {5.1.2.Final}
2022-03-03 22:02:09.332  INFO 15768 --- [    Test worker] com.zaxxer.hikari.HikariDataSource       : HikariPool-1 - Starting...
2022-03-03 22:02:09.720  INFO 15768 --- [    Test worker] com.zaxxer.hikari.HikariDataSource       : HikariPool-1 - Start completed.
2022-03-03 22:02:09.774  INFO 15768 --- [    Test worker] org.hibernate.dialect.Dialect            : HHH000400: Using dialect: org.hibernate.dialect.H2Dialect
2022-03-03 22:02:10.605  INFO 15768 --- [    Test worker] o.h.e.t.j.p.i.JtaPlatformInitiator       : HHH000490: Using JtaPlatform implementation: [org.hibernate.engine.transaction.jta.platform.internal.NoJtaPlatform]
2022-03-03 22:02:10.625  INFO 15768 --- [    Test worker] j.LocalContainerEntityManagerFactoryBean : Initialized JPA EntityManagerFactory for persistence unit 'default'
2022-03-03 22:02:11.387  WARN 15768 --- [    Test worker] JpaBaseConfiguration$JpaWebConfiguration : spring.jpa.open-in-view is enabled by default. Therefore, database queries may be performed during view rendering. Explicitly configure spring.jpa.open-in-view to disable this warning
2022-03-03 22:02:12.527  INFO 15768 --- [    Test worker] o.s.b.a.h2.H2ConsoleAutoConfiguration    : H2 console available at '/h2-console'. Database available at 'jdbc:h2:~/test'
2022-03-03 22:02:13.891  INFO 15768 --- [    Test worker] .s.s.UserDetailsServiceAutoConfiguration : 

Using generated security password: b52b24d1-8600-4ec2-b2f6-a8c96e38b6b3

2022-03-03 22:02:14.555  INFO 15768 --- [    Test worker] o.s.s.web.DefaultSecurityFilterChain     : Will not secure any request
2022-03-03 22:02:14.806  INFO 15768 --- [    Test worker] com.bank.BankApplicationTests            : Started BankApplicationTests in 9.089 seconds (JVM running for 12.316)
]]></system-out>
  <system-err><![CDATA[]]></system-err>
</testsuite>
